--------------------------------------------------------------------------------
Release 14.7 Trace  (nt64)
Copyright (c) 1995-2013 Xilinx, Inc.  All rights reserved.

C:\Xilinx\14.7\ISE_DS\ISE\bin\nt64\unwrapped\trce.exe -intstyle ise -v 3 -s 3
-n 3 -fastpaths -xml top_mario_vga.twx top_mario_vga.ncd -o top_mario_vga.twr
top_mario_vga.pcf -ucf piness2.ucf

Design file:              top_mario_vga.ncd
Physical constraint file: top_mario_vga.pcf
Device,package,speed:     xc6slx16,csg324,C,-3 (PRODUCTION 1.23 2013-10-13)
Report level:             verbose report

Environment Variable      Effect 
--------------------      ------ 
NONE                      No environment variables were set
--------------------------------------------------------------------------------

INFO:Timing:2698 - No timing constraints found, doing default enumeration.
INFO:Timing:3412 - To improve timing, see the Timing Closure User Guide (UG612).
INFO:Timing:2752 - To get complete path coverage, use the unconstrained paths 
   option. All paths that are not constrained will be reported in the 
   unconstrained paths section(s) of the report.
INFO:Timing:3339 - The clock-to-out numbers in this timing report are based on 
   a 50 Ohm transmission line loading model.  For the details of this model, 
   and for more information on accounting for different loading conditions, 
   please see the device datasheet.



Data Sheet report:
-----------------
All values displayed in nanoseconds (ns)

Setup/Hold to clock clk
------------+------------+------------+------------+------------+------------------+--------+
            |Max Setup to|  Process   |Max Hold to |  Process   |                  | Clock  |
Source      | clk (edge) |   Corner   | clk (edge) |   Corner   |Internal Clock(s) | Phase  |
------------+------------+------------+------------+------------+------------------+--------+
btn_jump    |    7.016(R)|      SLOW  |   -0.559(R)|      SLOW  |clk_BUFGP         |   0.000|
btn_left    |    8.316(R)|      SLOW  |   -1.454(R)|      FAST  |clk_BUFGP         |   0.000|
btn_right   |    7.498(R)|      SLOW  |   -1.050(R)|      FAST  |clk_BUFGP         |   0.000|
ps2_clk     |    1.817(R)|      SLOW  |   -1.010(R)|      FAST  |clk_BUFGP         |   0.000|
ps2_data    |    0.390(R)|      FAST  |    0.602(R)|      SLOW  |clk_BUFGP         |   0.000|
rst         |    8.460(R)|      SLOW  |   -0.355(R)|      SLOW  |clk_BUFGP         |   0.000|
------------+------------+------------+------------+------------+------------------+--------+

Clock clk to Pad
--------------+-----------------+------------+-----------------+------------+------------------+--------+
              |Max (slowest) clk|  Process   |Min (fastest) clk|  Process   |                  | Clock  |
Destination   |  (edge) to PAD  |   Corner   |  (edge) to PAD  |   Corner   |Internal Clock(s) | Phase  |
--------------+-----------------+------------+-----------------+------------+------------------+--------+
hsync         |         8.691(R)|      SLOW  |         4.909(R)|      FAST  |clk_BUFGP         |   0.000|
music_gameover|        11.021(R)|      SLOW  |         6.389(R)|      FAST  |clk_BUFGP         |   0.000|
music_normal  |        12.323(R)|      SLOW  |         7.121(R)|      FAST  |clk_BUFGP         |   0.000|
music_victoria|        10.830(R)|      SLOW  |         6.241(R)|      FAST  |clk_BUFGP         |   0.000|
rgb<0>        |        47.598(R)|      SLOW  |         6.036(R)|      FAST  |clk_BUFGP         |   0.000|
rgb<1>        |        47.775(R)|      SLOW  |         6.152(R)|      FAST  |clk_BUFGP         |   0.000|
rgb<2>        |        47.723(R)|      SLOW  |         6.535(R)|      FAST  |clk_BUFGP         |   0.000|
rgb<3>        |        47.388(R)|      SLOW  |         6.384(R)|      FAST  |clk_BUFGP         |   0.000|
rgb<4>        |        48.085(R)|      SLOW  |         6.074(R)|      FAST  |clk_BUFGP         |   0.000|
rgb<5>        |        48.628(R)|      SLOW  |         6.467(R)|      FAST  |clk_BUFGP         |   0.000|
rgb<6>        |        48.635(R)|      SLOW  |         6.012(R)|      FAST  |clk_BUFGP         |   0.000|
rgb<7>        |        48.265(R)|      SLOW  |         5.994(R)|      FAST  |clk_BUFGP         |   0.000|
vsync         |         9.944(R)|      SLOW  |         5.661(R)|      FAST  |clk_BUFGP         |   0.000|
--------------+-----------------+------------+-----------------+------------+------------------+--------+

Clock to Setup on destination clock clk
---------------+---------+---------+---------+---------+
               | Src:Rise| Src:Fall| Src:Rise| Src:Fall|
Source Clock   |Dest:Rise|Dest:Rise|Dest:Fall|Dest:Fall|
---------------+---------+---------+---------+---------+
clk            |   10.576|         |         |         |
---------------+---------+---------+---------+---------+


Analysis completed Tue Jun 16 10:30:27 2026 
--------------------------------------------------------------------------------

Trace Settings:
-------------------------
Trace Settings 

Peak Memory Usage: 4628 MB



